<?xml version="1.0" encoding="UTF-8"?>
<testsuite name="InvoiceServiceTest" tests="1" skipped="0" failures="0" errors="0" timestamp="2021-06-20T04:58:20" hostname="DESKTOP-BS45UV7" time="0.015">
  <properties/>
  <testcase name="givenMultipleRides_shouldReturnTotalFare" classname="InvoiceServiceTest" time="0.015"/>
  <system-out><![CDATA[]]></system-out>
  <system-err><![CDATA[]]></system-err>
</testsuite>
