<?xml version="1.0" encoding="UTF-8"?>
<testsuite name="InvoiceServiceTest" tests="1" skipped="0" failures="0" errors="0" timestamp="2021-06-20T05:16:51" hostname="DESKTOP-BS45UV7" time="0.008">
  <properties/>
  <testcase name="givenMultipleRides_WhenCalculated_ReturnInvoiceSummery" classname="InvoiceServiceTest" time="0.008"/>
  <system-out><![CDATA[]]></system-out>
  <system-err><![CDATA[]]></system-err>
</testsuite>
