<?xml version="1.0" encoding="UTF-8"?>
<testsuite name="InvoiceServiceTest" tests="1" skipped="0" failures="0" errors="0" timestamp="2021-06-19T04:29:46" hostname="DESKTOP-BS45UV7" time="0.006">
  <properties/>
  <testcase name="givenDistanceOrTime_ShouldReturnMinFare" classname="InvoiceServiceTest" time="0.006"/>
  <system-out><![CDATA[]]></system-out>
  <system-err><![CDATA[]]></system-err>
</testsuite>
