<?xml version="1.0" encoding="UTF-8"?>
<testsuite name="InvoiceServiceTest" tests="4" skipped="0" failures="0" errors="0" timestamp="2021-06-22T05:38:08" hostname="DESKTOP-BS45UV7" time="0.035">
  <properties/>
  <testcase name="givenUserIdAndRides_ShouldReturnInvoiceSummary" classname="InvoiceServiceTest" time="0.009"/>
  <testcase name="givenMultipleRide_ShouldReturnInvoiceSummary" classname="InvoiceServiceTest" time="0.002"/>
  <testcase name="givenLessDistanceAndTime_shouldReturnMinFare" classname="InvoiceServiceTest" time="0.003"/>
  <testcase name="givenDistanceAndTime_ShouldReturnTotalFare" classname="InvoiceServiceTest" time="0.003"/>
  <system-out><![CDATA[]]></system-out>
  <system-err><![CDATA[]]></system-err>
</testsuite>
